<?xml version="1.0" encoding="UTF-8"?>
<testsuite xmlns:xsi="http://www.w3.org/2001/XMLSchema-instance" xsi:noNamespaceSchemaLocation="https://maven.apache.org/surefire/maven-surefire-plugin/xsd/surefire-test-report-3.0.xsd" version="3.0" name="com.learning.kafkastreaming.testing.AggregationTopologyTest" time="1.446" tests="1" errors="0" skipped="0" failures="0">
  <properties>
[...]
</properties>
  <testcase name="testWindowAggregation" classname="com.learning.kafkastreaming.testing.AggregationTopologyTest" time="1.29">
    <system-out><![CDATA[21:10:45.872 [main] WARN  o.a.k.s.p.internals.StateDirectory - Using an OS temp directory in the state.dir property can cause failures with writing the checkpoint file due to the fact that this directory can be cleared by the OS. Resolved state.dir: [C:\Users\vibho\AppData\Local\Temp\\kafka-streams]
21:10:45.878 [main] ERROR o.a.k.s.p.internals.StateDirectory - Failed to change permissions for the directory C:\Users\vibho\AppData\Local\Temp\kafka-streams
21:10:45.880 [main] ERROR o.a.k.s.p.internals.StateDirectory - Failed to change permissions for the directory C:\Users\vibho\AppData\Local\Temp\kafka-streams\agg-test-app
21:10:46.137 [main] INFO  o.a.k.s.p.i.ProcessorStateManager - topology-test-driver State store window-count-store did not find checkpoint offset, hence would default to the starting offset at changelog agg-test-app-window-count-store-changelog-0
21:10:46.138 [main] INFO  o.a.k.s.p.internals.StreamTask - stream-thread [main] task [0_0] Initialized
21:10:46.163 [main] INFO  o.a.k.s.p.internals.StreamTask - stream-thread [main] task [0_0] Restored and ready to run
21:10:46.414 [main] INFO  o.a.k.s.s.i.RocksDBTimestampedStore - Opening store window-count-store.1767225600000 in regular mode
21:10:46.492 [main] INFO  o.a.k.s.s.i.RocksDBTimestampedStore - Opening store window-count-store.1767225660000 in regular mode
21:10:46.504 [main] INFO  o.a.kafka.streams.TopologyTestDriver - Method #getTimestampedWindowStore() should be used to access a TimestampedWindowStore.
21:10:46.594 [main] INFO  o.a.k.s.p.internals.StreamTask - stream-thread [main] task [0_0] Suspended from RUNNING
21:10:46.610 [main] WARN  o.a.k.s.state.internals.RocksDBStore - Closing 1 open iterators for store window-count-store.1767225660000
21:10:46.617 [main] INFO  o.a.k.s.p.i.RecordCollectorImpl - topology-test-driver Closing record collector clean
21:10:46.618 [main] INFO  o.a.k.s.p.internals.StreamTask - stream-thread [main] task [0_0] Closed clean
21:10:46.619 [main] INFO  o.a.k.s.p.internals.StateDirectory - stream-thread [main] Deleting task directory 0_0 for 0_0 as user calling cleanup.
]]></system-out>
  </testcase>
</testsuite>